<?xml version="1.0" encoding="UTF-8"?>
<!-- Generated by org.testng.reporters.JUnitReportReporter -->
<testsuite skipped="0" hostname="VISHALKA-LT" name="com.vishal.project.MavenProject.AppiumTest" tests="2" failures="0" timestamp="23 Apr 2021 12:31:49 GMT" time="0.002" errors="0">
  <testcase name="appiumTestMethod1" time="0.001" classname="com.vishal.project.MavenProject.AppiumTest"/>
  <testcase name="appiumTestMethod2" time="0.001" classname="com.vishal.project.MavenProject.AppiumTest"/>
</testsuite> <!-- com.vishal.project.MavenProject.AppiumTest -->
