<?xml version="1.0" encoding="UTF-8"?>
<!-- Generated by org.testng.reporters.JUnitReportReporter -->
<testsuite skipped="0" hostname="VISHALKA-LT" name="com.vishal.project.MavenProject.ExcelReadWrite" tests="1" failures="0" timestamp="26 Apr 2021 09:06:53 GMT" time="0.526" errors="0">
  <testcase name="excelRead" time="0.526" classname="com.vishal.project.MavenProject.ExcelReadWrite"/>
</testsuite> <!-- com.vishal.project.MavenProject.ExcelReadWrite -->
