<?xml version="1.0" encoding="UTF-8"?>
<!-- Generated by org.testng.reporters.JUnitReportReporter -->
<testsuite skipped="0" hostname="VISHALKA-LT" name="com.vishal.project.MavenProject.ExtendReportsBasics" tests="1" failures="0" timestamp="26 Apr 2021 01:46:13 GMT" time="5.543" errors="0">
  <testcase name="testMethod" time="5.543" classname="com.vishal.project.MavenProject.ExtendReportsBasics"/>
</testsuite> <!-- com.vishal.project.MavenProject.ExtendReportsBasics -->
